nvidia-installer log file '/var/log/nvidia-installer.log'
creation time: Sat May 23 18:34:45 2020
installer version: 340.108

PATH: /root/.local/bin:/root/bin:/usr/local/sbin:/usr/local/bin:/usr/sbin:/usr/bin:/sbin:/bin

nvidia-installer command line:
    ./nvidia-installer

Using: nvidia-installer ncurses v6 user interface
-> Tagging shared libraries with chcon -t textrel_shlib_t.
-> License accepted.
-> Installing NVIDIA driver version 340.108.
-> Would you like to register the kernel module sources with DKMS? This will allow DKMS to automatically build a new module, if you install a different kernel later. (Answer: Yes)
-> Installing both new and classic TLS OpenGL libraries.
-> Installing classic TLS 32bit OpenGL libraries.
-> Install NVIDIA's 32-bit compatibility libraries? (Answer: Yes)
-> nvidia-installer will install the libvdpau and libvdpau_trace libraries that were included with this installer package. These libraries are available separately through the libvdpau project and will be removed from the NVIDIA Linux driver installer package in the future, so it is recommended that VDPAU users install libvdpau separately, e.g. by using packages available from their distributions, or by building from the sources available at:

http://people.freedesktop.org/~aplattner/vdpau
-> Searching for conflicting X files:
-> done.
-> Searching for conflicting OpenGL files:
-> done.
-> Installing 'NVIDIA Accelerated Graphics Driver for Linux-x86_64' (340.108):
   executing: '/usr/bin/chcon -t textrel_shlib_t /usr/lib64/xorg/modules/drivers/nvidia_drv.so'...
   executing: '/usr/bin/chcon -t textrel_shlib_t /usr/lib64/xorg/modules/libnvidia-wfb.so.340.108'...
   executing: '/usr/bin/chcon -t textrel_shlib_t /usr/lib64/libnvidia-glcore.so.340.108'...
   executing: '/usr/bin/chcon -t textrel_shlib_t /usr/lib64/libGL.so.340.108'...
   executing: '/usr/bin/chcon -t textrel_shlib_t /usr/lib64/xorg/modules/extensions/libglx.so.340.108'...
   executing: '/usr/bin/chcon -t textrel_shlib_t /usr/lib64/libnvidia-tls.so.340.108'...
   executing: '/usr/bin/chcon -t textrel_shlib_t /usr/lib64/tls/libnvidia-tls.so.340.108'...
   executing: '/usr/bin/chcon -t textrel_shlib_t /usr/lib64/libnvidia-cfg.so.340.108'...
   executing: '/usr/bin/chcon -t textrel_shlib_t /usr/lib64/libnvidia-fbc.so.340.108'...
   executing: '/usr/bin/chcon -t textrel_shlib_t /usr/lib64/libnvidia-ml.so.340.108'...
   executing: '/usr/bin/chcon -t textrel_shlib_t /usr/lib64/libcuda.so.340.108'...
   executing: '/usr/bin/chcon -t textrel_shlib_t /usr/lib64/libnvidia-opencl.so.340.108'...
   executing: '/usr/bin/chcon -t textrel_shlib_t /usr/lib64/libOpenCL.so.1.0.0'...
   executing: '/usr/bin/chcon -t textrel_shlib_t /usr/lib64/libnvidia-compiler.so.340.108'...
   executing: '/usr/bin/chcon -t textrel_shlib_t /usr/lib64/libvdpau.so.340.108'...
   executing: '/usr/bin/chcon -t textrel_shlib_t /usr/lib64/vdpau/libvdpau_trace.so.340.108'...
   executing: '/usr/bin/chcon -t textrel_shlib_t /usr/lib64/vdpau/libvdpau_nvidia.so.340.108'...
   executing: '/usr/bin/chcon -t textrel_shlib_t /usr/lib64/libnvcuvid.so.340.108'...
   executing: '/usr/bin/chcon -t textrel_shlib_t /usr/lib64/libnvidia-encode.so.340.108'...
   executing: '/usr/bin/chcon -t textrel_shlib_t /usr/lib64/libnvidia-eglcore.so.340.108'...
   executing: '/usr/bin/chcon -t textrel_shlib_t /usr/lib64/libnvidia-glsi.so.340.108'...
   executing: '/usr/bin/chcon -t textrel_shlib_t /usr/lib64/libGLESv2.so.340.108'...
   executing: '/usr/bin/chcon -t textrel_shlib_t /usr/lib64/libGLESv1_CM.so.340.108'...
   executing: '/usr/bin/chcon -t textrel_shlib_t /usr/lib64/libEGL.so.340.108'...
   executing: '/usr/bin/chcon -t textrel_shlib_t /usr/lib64/libnvidia-ifr.so.340.108'...
   executing: '/usr/bin/chcon -t textrel_shlib_t /usr/lib/libcuda.so.340.108'...
   executing: '/usr/bin/chcon -t textrel_shlib_t /usr/lib/libnvidia-ml.so.340.108'...
   executing: '/usr/bin/chcon -t textrel_shlib_t /usr/lib/libOpenCL.so.1.0.0'...
   executing: '/usr/bin/chcon -t textrel_shlib_t /usr/lib/libnvidia-compiler.so.340.108'...
   executing: '/usr/bin/chcon -t textrel_shlib_t /usr/lib/libnvidia-opencl.so.340.108'...
   executing: '/usr/bin/chcon -t textrel_shlib_t /usr/lib/libGL.so.340.108'...
   executing: '/usr/bin/chcon -t textrel_shlib_t /usr/lib/libnvidia-glcore.so.340.108'...
   executing: '/usr/bin/chcon -t textrel_shlib_t /usr/lib/libnvidia-tls.so.340.108'...
   executing: '/usr/bin/chcon -t textrel_shlib_t /usr/lib/libvdpau.so.340.108'...
   executing: '/usr/bin/chcon -t textrel_shlib_t /usr/lib/vdpau/libvdpau_trace.so.340.108'...
   executing: '/usr/bin/chcon -t textrel_shlib_t /usr/lib/vdpau/libvdpau_nvidia.so.340.108'...
   executing: '/usr/bin/chcon -t textrel_shlib_t /usr/lib/libnvcuvid.so.340.108'...
   executing: '/usr/bin/chcon -t textrel_shlib_t /usr/lib/libnvidia-encode.so.340.108'...
   executing: '/usr/bin/chcon -t textrel_shlib_t /usr/lib/libnvidia-eglcore.so.340.108'...
   executing: '/usr/bin/chcon -t textrel_shlib_t /usr/lib/libnvidia-glsi.so.340.108'...
   executing: '/usr/bin/chcon -t textrel_shlib_t /usr/lib/libEGL.so.340.108'...
   executing: '/usr/bin/chcon -t textrel_shlib_t /usr/lib/libGLESv2.so.340.108'...
   executing: '/usr/bin/chcon -t textrel_shlib_t /usr/lib/libGLESv1_CM.so.340.108'...
   executing: '/usr/bin/chcon -t textrel_shlib_t /usr/lib/libnvidia-ifr.so.340.108'...
   executing: '/usr/bin/chcon -t textrel_shlib_t /usr/lib/libnvidia-fbc.so.340.108'...
   executing: '/usr/sbin/ldconfig'...
-> done.
-> Driver file installation is complete.
-> Installing DKMS kernel module:
ERROR: Failed to run `/usr/sbin/dkms build -m nvidia -v 340.108 -k 5.6.13-300.fc32.x86_64`: 
Kernel preparation unnecessary for this kernel.  Skipping...

Building module:
cleaning build area...
make -j2 KERNELRELEASE=5.6.13-300.fc32.x86_64 module KERNEL_UNAME=5.6.13-300.fc32.x86_64; make -C uvm module KERNEL_UNAME=5.6.13-300.fc32.x86_64 KBUILD_EXTMOD=/var/lib/dkms/nvidia/340.108/build/uvm..............(bad exit status: 2)
Error! Bad return status for module build on kernel: 5.6.13-300.fc32.x86_64 (x86_64)
Consult /var/lib/dkms/nvidia/340.108/build/make.log for more information.
-> error.
ERROR: Failed to install the kernel module through DKMS. No kernel module was installed; please try installing again without DKMS, or check the DKMS logs for more information.
ERROR: Installation has failed.  Please see the file '/var/log/nvidia-installer.log' for details.  You may find suggestions on fixing installation problems in the README available on the Linux driver download page at www.nvidia.com.
